[2020-09-01 16:33:44.613] [exthost] [info] extension host started
[2020-09-01 16:33:44.748] [exthost] [info] ExtensionService#_doActivateExtension vscode.debug-auto-launch {"startup":true,"extensionId":{"value":"vscode.debug-auto-launch","_lower":"vscode.debug-auto-launch"},"activationEvent":"*"}
[2020-09-01 16:33:44.749] [exthost] [info] ExtensionService#loadCommonJSModule file:///usr/lib/code-oss/resources/app/extensions/debug-auto-launch/dist/extension
[2020-09-01 16:33:44.972] [exthost] [info] ExtensionService#_doActivateExtension vscode.emmet {"startup":true,"extensionId":{"value":"vscode.emmet","_lower":"vscode.emmet"},"activationEvent":"*"}
[2020-09-01 16:33:44.972] [exthost] [info] ExtensionService#loadCommonJSModule file:///usr/lib/code-oss/resources/app/extensions/emmet/dist/node/emmetNodeMain
[2020-09-01 16:33:45.166] [exthost] [info] ExtensionService#_doActivateExtension vscode.git {"startup":true,"extensionId":{"value":"vscode.github","_lower":"vscode.github"},"activationEvent":"*"}
[2020-09-01 16:33:45.167] [exthost] [info] ExtensionService#loadCommonJSModule file:///usr/lib/code-oss/resources/app/extensions/git/dist/main
[2020-09-01 16:33:45.442] [exthost] [info] ExtensionService#_doActivateExtension vscode.github-authentication {"startup":true,"extensionId":{"value":"vscode.github-authentication","_lower":"vscode.github-authentication"},"activationEvent":"*"}
[2020-09-01 16:33:45.442] [exthost] [info] ExtensionService#loadCommonJSModule file:///usr/lib/code-oss/resources/app/extensions/github-authentication/dist/extension.js
[2020-09-01 16:33:45.503] [exthost] [info] ExtensionService#_doActivateExtension vscode.merge-conflict {"startup":true,"extensionId":{"value":"vscode.merge-conflict","_lower":"vscode.merge-conflict"},"activationEvent":"*"}
[2020-09-01 16:33:45.504] [exthost] [info] ExtensionService#loadCommonJSModule file:///usr/lib/code-oss/resources/app/extensions/merge-conflict/dist/mergeConflictMain
[2020-09-01 16:33:45.755] [exthost] [info] ExtensionService#_doActivateExtension vscode.microsoft-authentication {"startup":true,"extensionId":{"value":"vscode.microsoft-authentication","_lower":"vscode.microsoft-authentication"},"activationEvent":"*"}
[2020-09-01 16:33:45.755] [exthost] [info] ExtensionService#loadCommonJSModule file:///usr/lib/code-oss/resources/app/extensions/microsoft-authentication/dist/extension.js
[2020-09-01 16:33:46.026] [exthost] [info] ExtensionService#_doActivateExtension vscode.search-result {"startup":true,"extensionId":{"value":"vscode.search-result","_lower":"vscode.search-result"},"activationEvent":"*"}
[2020-09-01 16:33:46.026] [exthost] [info] ExtensionService#loadCommonJSModule file:///usr/lib/code-oss/resources/app/extensions/search-result/dist/extension.js
[2020-09-01 16:33:46.112] [exthost] [info] ExtensionService#_doActivateExtension HookyQR.beautify {"startup":true,"extensionId":{"value":"HookyQR.beautify","_lower":"hookyqr.beautify"},"activationEvent":"*"}
[2020-09-01 16:33:46.113] [exthost] [info] ExtensionService#loadCommonJSModule file:///home/void/.vscode-oss/extensions/hookyqr.beautify-1.5.0/extension
[2020-09-01 16:33:46.631] [exthost] [info] ExtensionService#_doActivateExtension PKief.material-icon-theme {"startup":true,"extensionId":{"value":"PKief.material-icon-theme","_lower":"pkief.material-icon-theme"},"activationEvent":"*"}
[2020-09-01 16:33:46.632] [exthost] [info] ExtensionService#loadCommonJSModule file:///home/void/.vscode-oss/extensions/pkief.material-icon-theme-4.2.0/dist/extension
[2020-09-01 16:33:46.669] [exthost] [info] ExtensionService#_doActivateExtension Wscats.qf {"startup":true,"extensionId":{"value":"Wscats.qf","_lower":"wscats.qf"},"activationEvent":"*"}
[2020-09-01 16:33:46.669] [exthost] [info] ExtensionService#loadCommonJSModule file:///home/void/.vscode-oss/extensions/wscats.qf-6.8.78/out/extension.js
[2020-09-01 19:31:26.146] [exthost] [info] extension host started
[2020-09-01 19:31:26.215] [exthost] [info] ExtensionService#_doActivateExtension vscode.debug-auto-launch {"startup":true,"extensionId":{"value":"vscode.debug-auto-launch","_lower":"vscode.debug-auto-launch"},"activationEvent":"*"}
[2020-09-01 19:31:26.216] [exthost] [info] ExtensionService#loadCommonJSModule file:///usr/lib/code-oss/resources/app/extensions/debug-auto-launch/dist/extension
[2020-09-01 19:31:26.513] [exthost] [info] ExtensionService#_doActivateExtension vscode.emmet {"startup":true,"extensionId":{"value":"vscode.emmet","_lower":"vscode.emmet"},"activationEvent":"*"}
[2020-09-01 19:31:26.513] [exthost] [info] ExtensionService#loadCommonJSModule file:///usr/lib/code-oss/resources/app/extensions/emmet/dist/node/emmetNodeMain
[2020-09-01 19:31:26.653] [exthost] [info] ExtensionService#_doActivateExtension vscode.git {"startup":true,"extensionId":{"value":"vscode.github","_lower":"vscode.github"},"activationEvent":"*"}
[2020-09-01 19:31:26.653] [exthost] [info] ExtensionService#loadCommonJSModule file:///usr/lib/code-oss/resources/app/extensions/git/dist/main
[2020-09-01 19:31:26.996] [exthost] [info] ExtensionService#_doActivateExtension vscode.github-authentication {"startup":true,"extensionId":{"value":"vscode.github-authentication","_lower":"vscode.github-authentication"},"activationEvent":"*"}
[2020-09-01 19:31:26.996] [exthost] [info] ExtensionService#loadCommonJSModule file:///usr/lib/code-oss/resources/app/extensions/github-authentication/dist/extension.js
[2020-09-01 19:31:27.067] [exthost] [info] ExtensionService#_doActivateExtension vscode.merge-conflict {"startup":true,"extensionId":{"value":"vscode.merge-conflict","_lower":"vscode.merge-conflict"},"activationEvent":"*"}
[2020-09-01 19:31:27.067] [exthost] [info] ExtensionService#loadCommonJSModule file:///usr/lib/code-oss/resources/app/extensions/merge-conflict/dist/mergeConflictMain
[2020-09-01 19:31:27.104] [exthost] [info] ExtensionService#_doActivateExtension vscode.microsoft-authentication {"startup":true,"extensionId":{"value":"vscode.microsoft-authentication","_lower":"vscode.microsoft-authentication"},"activationEvent":"*"}
[2020-09-01 19:31:27.104] [exthost] [info] ExtensionService#loadCommonJSModule file:///usr/lib/code-oss/resources/app/extensions/microsoft-authentication/dist/extension.js
[2020-09-01 19:31:27.159] [exthost] [info] ExtensionService#_doActivateExtension vscode.search-result {"startup":true,"extensionId":{"value":"vscode.search-result","_lower":"vscode.search-result"},"activationEvent":"*"}
[2020-09-01 19:31:27.159] [exthost] [info] ExtensionService#loadCommonJSModule file:///usr/lib/code-oss/resources/app/extensions/search-result/dist/extension.js
[2020-09-01 19:31:27.173] [exthost] [info] ExtensionService#_doActivateExtension HookyQR.beautify {"startup":true,"extensionId":{"value":"HookyQR.beautify","_lower":"hookyqr.beautify"},"activationEvent":"*"}
[2020-09-01 19:31:27.173] [exthost] [info] ExtensionService#loadCommonJSModule file:///home/void/.vscode-oss/extensions/hookyqr.beautify-1.5.0/extension
[2020-09-01 19:31:27.445] [exthost] [info] ExtensionService#_doActivateExtension PKief.material-icon-theme {"startup":true,"extensionId":{"value":"PKief.material-icon-theme","_lower":"pkief.material-icon-theme"},"activationEvent":"*"}
[2020-09-01 19:31:27.445] [exthost] [info] ExtensionService#loadCommonJSModule file:///home/void/.vscode-oss/extensions/pkief.material-icon-theme-4.2.0/dist/extension
[2020-09-01 19:31:27.485] [exthost] [info] ExtensionService#_doActivateExtension Wscats.qf {"startup":true,"extensionId":{"value":"Wscats.qf","_lower":"wscats.qf"},"activationEvent":"*"}
[2020-09-01 19:31:27.485] [exthost] [info] ExtensionService#loadCommonJSModule file:///home/void/.vscode-oss/extensions/wscats.qf-6.8.82/out/extension.js
[2020-09-01 19:51:01.229] [exthost] [info] extension host started
[2020-09-01 19:51:01.386] [exthost] [info] ExtensionService#_doActivateExtension vscode.debug-auto-launch {"startup":true,"extensionId":{"value":"vscode.debug-auto-launch","_lower":"vscode.debug-auto-launch"},"activationEvent":"*"}
[2020-09-01 19:51:01.388] [exthost] [info] ExtensionService#loadCommonJSModule file:///usr/lib/code-oss/resources/app/extensions/debug-auto-launch/dist/extension
[2020-09-01 19:51:01.587] [exthost] [info] ExtensionService#_doActivateExtension vscode.emmet {"startup":true,"extensionId":{"value":"vscode.emmet","_lower":"vscode.emmet"},"activationEvent":"*"}
[2020-09-01 19:51:01.587] [exthost] [info] ExtensionService#loadCommonJSModule file:///usr/lib/code-oss/resources/app/extensions/emmet/dist/node/emmetNodeMain
[2020-09-01 19:51:01.730] [exthost] [info] ExtensionService#_doActivateExtension vscode.git {"startup":true,"extensionId":{"value":"vscode.github","_lower":"vscode.github"},"activationEvent":"*"}
[2020-09-01 19:51:01.731] [exthost] [info] ExtensionService#loadCommonJSModule file:///usr/lib/code-oss/resources/app/extensions/git/dist/main
[2020-09-01 19:51:02.054] [exthost] [info] ExtensionService#_doActivateExtension vscode.github-authentication {"startup":true,"extensionId":{"value":"vscode.github-authentication","_lower":"vscode.github-authentication"},"activationEvent":"*"}
[2020-09-01 19:51:02.054] [exthost] [info] ExtensionService#loadCommonJSModule file:///usr/lib/code-oss/resources/app/extensions/github-authentication/dist/extension.js
[2020-09-01 19:51:02.141] [exthost] [info] ExtensionService#_doActivateExtension vscode.merge-conflict {"startup":true,"extensionId":{"value":"vscode.merge-conflict","_lower":"vscode.merge-conflict"},"activationEvent":"*"}
[2020-09-01 19:51:02.141] [exthost] [info] ExtensionService#loadCommonJSModule file:///usr/lib/code-oss/resources/app/extensions/merge-conflict/dist/mergeConflictMain
[2020-09-01 19:51:02.177] [exthost] [info] ExtensionService#_doActivateExtension vscode.microsoft-authentication {"startup":true,"extensionId":{"value":"vscode.microsoft-authentication","_lower":"vscode.microsoft-authentication"},"activationEvent":"*"}
[2020-09-01 19:51:02.178] [exthost] [info] ExtensionService#loadCommonJSModule file:///usr/lib/code-oss/resources/app/extensions/microsoft-authentication/dist/extension.js
[2020-09-01 19:51:02.268] [exthost] [info] ExtensionService#_doActivateExtension vscode.search-result {"startup":true,"extensionId":{"value":"vscode.search-result","_lower":"vscode.search-result"},"activationEvent":"*"}
[2020-09-01 19:51:02.269] [exthost] [info] ExtensionService#loadCommonJSModule file:///usr/lib/code-oss/resources/app/extensions/search-result/dist/extension.js
[2020-09-01 19:51:02.307] [exthost] [info] ExtensionService#_doActivateExtension HookyQR.beautify {"startup":true,"extensionId":{"value":"HookyQR.beautify","_lower":"hookyqr.beautify"},"activationEvent":"*"}
[2020-09-01 19:51:02.307] [exthost] [info] ExtensionService#loadCommonJSModule file:///home/void/.vscode-oss/extensions/hookyqr.beautify-1.5.0/extension
[2020-09-01 19:51:02.602] [exthost] [info] ExtensionService#_doActivateExtension PKief.material-icon-theme {"startup":true,"extensionId":{"value":"PKief.material-icon-theme","_lower":"pkief.material-icon-theme"},"activationEvent":"*"}
[2020-09-01 19:51:02.602] [exthost] [info] ExtensionService#loadCommonJSModule file:///home/void/.vscode-oss/extensions/pkief.material-icon-theme-4.2.0/dist/extension
[2020-09-01 19:51:02.642] [exthost] [info] ExtensionService#_doActivateExtension Wscats.qf {"startup":true,"extensionId":{"value":"Wscats.qf","_lower":"wscats.qf"},"activationEvent":"*"}
[2020-09-01 19:51:02.642] [exthost] [info] ExtensionService#loadCommonJSModule file:///home/void/.vscode-oss/extensions/wscats.qf-6.8.82/out/extension.js
[2020-09-01 19:51:09.939] [exthost] [info] extension host started
[2020-09-01 19:51:10.033] [exthost] [info] ExtensionService#_doActivateExtension vscode.debug-auto-launch {"startup":true,"extensionId":{"value":"vscode.debug-auto-launch","_lower":"vscode.debug-auto-launch"},"activationEvent":"*"}
[2020-09-01 19:51:10.034] [exthost] [info] ExtensionService#loadCommonJSModule file:///usr/lib/code-oss/resources/app/extensions/debug-auto-launch/dist/extension
[2020-09-01 19:51:10.042] [exthost] [info] ExtensionService#_doActivateExtension vscode.emmet {"startup":true,"extensionId":{"value":"vscode.emmet","_lower":"vscode.emmet"},"activationEvent":"*"}
[2020-09-01 19:51:10.048] [exthost] [info] ExtensionService#loadCommonJSModule file:///usr/lib/code-oss/resources/app/extensions/emmet/dist/node/emmetNodeMain
[2020-09-01 19:51:10.111] [exthost] [info] ExtensionService#_doActivateExtension vscode.git {"startup":true,"extensionId":{"value":"vscode.github","_lower":"vscode.github"},"activationEvent":"*"}
[2020-09-01 19:51:10.112] [exthost] [info] ExtensionService#loadCommonJSModule file:///usr/lib/code-oss/resources/app/extensions/git/dist/main
[2020-09-01 19:51:10.253] [exthost] [info] ExtensionService#_doActivateExtension vscode.github-authentication {"startup":true,"extensionId":{"value":"vscode.github-authentication","_lower":"vscode.github-authentication"},"activationEvent":"*"}
[2020-09-01 19:51:10.253] [exthost] [info] ExtensionService#loadCommonJSModule file:///usr/lib/code-oss/resources/app/extensions/github-authentication/dist/extension.js
[2020-09-01 19:51:10.305] [exthost] [info] ExtensionService#_doActivateExtension vscode.merge-conflict {"startup":true,"extensionId":{"value":"vscode.merge-conflict","_lower":"vscode.merge-conflict"},"activationEvent":"*"}
[2020-09-01 19:51:10.306] [exthost] [info] ExtensionService#loadCommonJSModule file:///usr/lib/code-oss/resources/app/extensions/merge-conflict/dist/mergeConflictMain
[2020-09-01 19:51:10.317] [exthost] [info] ExtensionService#_doActivateExtension vscode.microsoft-authentication {"startup":true,"extensionId":{"value":"vscode.microsoft-authentication","_lower":"vscode.microsoft-authentication"},"activationEvent":"*"}
[2020-09-01 19:51:10.317] [exthost] [info] ExtensionService#loadCommonJSModule file:///usr/lib/code-oss/resources/app/extensions/microsoft-authentication/dist/extension.js
[2020-09-01 19:51:10.342] [exthost] [info] ExtensionService#_doActivateExtension vscode.search-result {"startup":true,"extensionId":{"value":"vscode.search-result","_lower":"vscode.search-result"},"activationEvent":"*"}
[2020-09-01 19:51:10.343] [exthost] [info] ExtensionService#loadCommonJSModule file:///usr/lib/code-oss/resources/app/extensions/search-result/dist/extension.js
[2020-09-01 19:51:10.345] [exthost] [info] ExtensionService#_doActivateExtension HookyQR.beautify {"startup":true,"extensionId":{"value":"HookyQR.beautify","_lower":"hookyqr.beautify"},"activationEvent":"*"}
[2020-09-01 19:51:10.345] [exthost] [info] ExtensionService#loadCommonJSModule file:///home/void/.vscode-oss/extensions/hookyqr.beautify-1.5.0/extension
[2020-09-01 19:51:10.419] [exthost] [info] ExtensionService#_doActivateExtension PKief.material-icon-theme {"startup":true,"extensionId":{"value":"PKief.material-icon-theme","_lower":"pkief.material-icon-theme"},"activationEvent":"*"}
[2020-09-01 19:51:10.419] [exthost] [info] ExtensionService#loadCommonJSModule file:///home/void/.vscode-oss/extensions/pkief.material-icon-theme-4.2.0/dist/extension
[2020-09-01 19:51:10.444] [exthost] [info] ExtensionService#_doActivateExtension Wscats.qf {"startup":true,"extensionId":{"value":"Wscats.qf","_lower":"wscats.qf"},"activationEvent":"*"}
[2020-09-01 19:51:10.444] [exthost] [info] ExtensionService#loadCommonJSModule file:///home/void/.vscode-oss/extensions/wscats.qf-6.8.82/out/extension.js
