User belongs to experiment group 'ShowPlayIcon - start'
User belongs to experiment group 'ShowExtensionSurveyPrompt - control'
User belongs to experiment group 'DebugAdapterFactory - experiment'
User belongs to experiment group 'PtvsdWheels37 - experiment'
User belongs to experiment group 'UseTerminalToGetActivatedEnvVars - control'
User belongs to experiment group 'LocalZMQKernel - control'
User belongs to experiment group 'CollectLSRequestTiming - control'
User belongs to experiment group 'CollectNodeLSRequestTiming - experiment'
User belongs to experiment group 'EnableIPyWidgets - experiment'
User belongs to experiment group 'RunByLine - control'
User belongs to experiment group 'CustomEditorSupport - control'
> conda --version
> pyenv root
> python3.7 ~/.vscode-oss/extensions/ms-python.python-2020.8.105045/pythonFiles/pyvsc-run-isolated.py -c "import sys;print(sys.executable)"
> python3.6 ~/.vscode-oss/extensions/ms-python.python-2020.8.105045/pythonFiles/pyvsc-run-isolated.py -c "import sys;print(sys.executable)"
> python3 ~/.vscode-oss/extensions/ms-python.python-2020.8.105045/pythonFiles/pyvsc-run-isolated.py -c "import sys;print(sys.executable)"
> python2 ~/.vscode-oss/extensions/ms-python.python-2020.8.105045/pythonFiles/pyvsc-run-isolated.py -c "import sys;print(sys.executable)"
> python ~/.vscode-oss/extensions/ms-python.python-2020.8.105045/pythonFiles/pyvsc-run-isolated.py -c "import sys;print(sys.executable)"
> python ~/.vscode-oss/extensions/ms-python.python-2020.8.105045/pythonFiles/pyvsc-run-isolated.py -c "import sys;print(sys.executable)"
> conda info --json
> python ~/.vscode-oss/extensions/ms-python.python-2020.8.105045/pythonFiles/pyvsc-run-isolated.py -c "import sys;print(sys.executable)"
> python ~/.vscode-oss/extensions/ms-python.python-2020.8.105045/pythonFiles/pyvsc-run-isolated.py -c "import sys;print(sys.executable)"
> pyenv root
> /bin/python ~/.vscode-oss/extensions/ms-python.python-2020.8.105045/pythonFiles/pyvsc-run-isolated.py -c "import jupyter"
> /bin/python ~/.vscode-oss/extensions/ms-python.python-2020.8.105045/pythonFiles/pyvsc-run-isolated.py -c "import jupyter"
> /bin/python ~/.vscode-oss/extensions/ms-python.python-2020.8.105045/pythonFiles/pyvsc-run-isolated.py -c "import notebook"
> /bin/python ~/.vscode-oss/extensions/ms-python.python-2020.8.105045/pythonFiles/pyvsc-run-isolated.py -c "import notebook"
Error 2020-08-29 21:24:38: Failed to check if file needs to be fixed [EntryNotFound (FileSystemError): Unable to read file '/home/void/.config/Code/User/settings.json' (EntryNotFound (FileSystemError): Error: ENOENT: no such file or directory, open '/home/void/.config/Code/User/settings.json')
	at _handleError (/usr/lib/code-oss/resources/app/out/vs/workbench/services/extensions/node/extensionHostProcess.js:672:249)
	at runMicrotasks (<anonymous>)
	at processTicksAndRejections (internal/process/task_queues.js:85:5)
	at async v.readText (/home/void/.vscode-oss/extensions/ms-python.python-2020.8.105045/out/client/extension.js:1:495638)
	at async p.doesFileNeedToBeFixed (/home/void/.vscode-oss/extensions/ms-python.python-2020.8.105045/out/client/extension.js:48:953109)
	at async /home/void/.vscode-oss/extensions/ms-python.python-2020.8.105045/out/client/extension.js:48:952236
	at async Promise.all (index 0)
	at async p.getFilesToBeFixed (/home/void/.vscode-oss/extensions/ms-python.python-2020.8.105045/out/client/extension.js:48:952182)
	at async p.updateTestSettings (/home/void/.vscode-oss/extensions/ms-python.python-2020.8.105045/out/client/extension.js:48:951809)] {
  code: 'FileNotFound',
  name: 'EntryNotFound (FileSystemError)'
}
Error 2020-08-29 21:24:38: Failed to check if file needs to be fixed [EntryNotFound (FileSystemError): Unable to read file '/home/void/bestbikedeal/.vscode/settings.json' (EntryNotFound (FileSystemError): Error: ENOENT: no such file or directory, open '/home/void/bestbikedeal/.vscode/settings.json')
	at _handleError (/usr/lib/code-oss/resources/app/out/vs/workbench/services/extensions/node/extensionHostProcess.js:672:249)
	at runMicrotasks (<anonymous>)
	at processTicksAndRejections (internal/process/task_queues.js:85:5)
	at async v.readText (/home/void/.vscode-oss/extensions/ms-python.python-2020.8.105045/out/client/extension.js:1:495638)
	at async p.doesFileNeedToBeFixed (/home/void/.vscode-oss/extensions/ms-python.python-2020.8.105045/out/client/extension.js:48:953109)
	at async /home/void/.vscode-oss/extensions/ms-python.python-2020.8.105045/out/client/extension.js:48:952236
	at async Promise.all (index 1)
	at async p.getFilesToBeFixed (/home/void/.vscode-oss/extensions/ms-python.python-2020.8.105045/out/client/extension.js:48:952182)
	at async p.updateTestSettings (/home/void/.vscode-oss/extensions/ms-python.python-2020.8.105045/out/client/extension.js:48:951809)] {
  code: 'FileNotFound',
  name: 'EntryNotFound (FileSystemError)'
}
Python interpreter path: /bin/python
Starting Microsoft Python language server.
> conda info --json
> conda --version
